# JRE version: OpenJDK Runtime Environment Temurin-11.0.15+10 (11.0.15+10) (build 11.0.15+10)
# Java VM: OpenJDK 64-Bit Server VM Temurin-11.0.15+10 (11.0.15+10, mixed mode, tiered, compressed oops, g1 gc, windows-amd64)
Heap:
 garbage-first heap   total 320512K, used 162350K [0x0000000703a00000, 0x0000000800000000)
  region size 1024K, 144 young (147456K), 11 survivors (11264K)
 Metaspace       used 45183K, capacity 46944K, committed 47104K, reserved 1089536K
  class space    used 5561K, capacity 6304K, committed 6400K, reserved 1048576K
GC Heap History (20 events):
Event: 2.234 GC heap before
{Heap before GC invocations=4 (full 0):
 garbage-first heap   total 260096K, used 72151K [0x0000000703a00000, 0x0000000800000000)
  region size 1024K, 64 young (65536K), 3 survivors (3072K)
 Metaspace       used 25900K, capacity 26866K, committed 27008K, reserved 1073152K
  class space    used 3033K, capacity 3437K, committed 3456K, reserved 1048576K
}
Event: 2.237 GC heap after
{Heap after GC invocations=5 (full 0):
 garbage-first heap   total 260096K, used 12890K [0x0000000703a00000, 0x0000000800000000)
  region size 1024K, 5 young (5120K), 5 survivors (5120K)
 Metaspace       used 25900K, capacity 26866K, committed 27008K, reserved 1073152K
  class space    used 3033K, capacity 3437K, committed 3456K, reserved 1048576K
}
Event: 3.027 GC heap before
{Heap before GC invocations=5 (full 0):
 garbage-first heap   total 260096K, used 125530K [0x0000000703a00000, 0x0000000800000000)
  region size 1024K, 114 young (116736K), 5 survivors (5120K)
 Metaspace       used 32895K, capacity 34140K, committed 34304K, reserved 1079296K
  class space    used 4003K, capacity 4542K, committed 4608K, reserved 1048576K
}
Event: 3.034 GC heap after
{Heap after GC invocations=6 (full 0):
 garbage-first heap   total 260096K, used 17150K [0x0000000703a00000, 0x0000000800000000)
  region size 1024K, 9 young (9216K), 9 survivors (9216K)
 Metaspace       used 32895K, capacity 34140K, committed 34304K, reserved 1079296K
  class space    used 4003K, capacity 4542K, committed 4608K, reserved 1048576K
}
Event: 3.269 GC heap before
{Heap before GC invocations=6 (full 0):
 garbage-first heap   total 260096K, used 62206K [0x0000000703a00000, 0x0000000800000000)
  region size 1024K, 43 young (44032K), 9 survivors (9216K)
 Metaspace       used 34701K, capacity 35927K, committed 35968K, reserved 1081344K
  class space    used 4174K, capacity 4711K, committed 4736K, reserved 1048576K
}
Event: 3.281 GC heap after
{Heap after GC invocations=7 (full 0):
 garbage-first heap   total 260096K, used 20451K [0x0000000703a00000, 0x0000000800000000)
  region size 1024K, 12 young (12288K), 12 survivors (12288K)
 Metaspace       used 34701K, capacity 35927K, committed 35968K, reserved 1081344K
  class space    used 4174K, capacity 4711K, committed 4736K, reserved 1048576K
}
Event: 6.435 GC heap before
{Heap before GC invocations=8 (full 0):
 garbage-first heap   total 260096K, used 161763K [0x0000000703a00000, 0x0000000800000000)
  region size 1024K, 142 young (145408K), 12 survivors (12288K)
 Metaspace       used 44729K, capacity 46460K, committed 46720K, reserved 1089536K
  class space    used 5491K, capacity 6217K, committed 6272K, reserved 1048576K
}
Event: 6.448 GC heap after
{Heap after GC invocations=9 (full 0):
 garbage-first heap   total 260096K, used 26937K [0x0000000703a00000, 0x0000000800000000)
  region size 1024K, 17 young (17408K), 17 survivors (17408K)
 Metaspace       used 44729K, capacity 46460K, committed 46720K, reserved 1089536K
  class space    used 5491K, capacity 6217K, committed 6272K, reserved 1048576K
}
Event: 14.509 GC heap before
{Heap before GC invocations=9 (full 0):
 garbage-first heap   total 260096K, used 165177K [0x0000000703a00000, 0x0000000800000000)
  region size 1024K, 152 young (155648K), 17 survivors (17408K)
 Metaspace       used 45118K, capacity 46908K, committed 47104K, reserved 1089536K
  class space    used 5549K, capacity 6298K, committed 6400K, reserved 1048576K
}
Event: 14.598 GC heap after
{Heap after GC invocations=10 (full 0):
 garbage-first heap   total 260096K, used 27831K [0x0000000703a00000, 0x0000000800000000)
  region size 1024K, 11 young (11264K), 11 survivors (11264K)
 Metaspace       used 45118K, capacity 46908K, committed 47104K, reserved 1089536K
  class space    used 5549K, capacity 6298K, committed 6400K, reserved 1048576K
}
Event: 32.426 GC heap before
{Heap before GC invocations=10 (full 0):
 garbage-first heap   total 260096K, used 172215K [0x0000000703a00000, 0x0000000800000000)
  region size 1024K, 152 young (155648K), 11 survivors (11264K)
 Metaspace       used 45125K, capacity 46908K, committed 47104K, reserved 1089536K
  class space    used 5551K, capacity 6298K, committed 6400K, reserved 1048576K
}
Event: 32.441 GC heap after
{Heap after GC invocations=11 (full 0):
 garbage-first heap   total 320512K, used 27666K [0x0000000703a00000, 0x0000000800000000)
  region size 1024K, 11 young (11264K), 11 survivors (11264K)
 Metaspace       used 45125K, capacity 46908K, committed 47104K, reserved 1089536K
  class space    used 5551K, capacity 6298K, committed 6400K, reserved 1048576K
}
Event: 62.341 GC heap before
{Heap before GC invocations=11 (full 0):
 garbage-first heap   total 320512K, used 207890K [0x0000000703a00000, 0x0000000800000000)
  region size 1024K, 187 young (191488K), 11 survivors (11264K)
 Metaspace       used 45126K, capacity 46908K, committed 47104K, reserved 1089536K
  class space    used 5551K, capacity 6298K, committed 6400K, reserved 1048576K
}
Event: 62.360 GC heap after
{Heap after GC invocations=12 (full 0):
 garbage-first heap   total 320512K, used 27400K [0x0000000703a00000, 0x0000000800000000)
  region size 1024K, 11 young (11264K), 11 survivors (11264K)
 Metaspace       used 45126K, capacity 46908K, committed 47104K, reserved 1089536K
  class space    used 5551K, capacity 6298K, committed 6400K, reserved 1048576K
}
Event: 90.847 GC heap before
{Heap before GC invocations=12 (full 0):
 garbage-first heap   total 320512K, used 207624K [0x0000000703a00000, 0x0000000800000000)
  region size 1024K, 187 young (191488K), 11 survivors (11264K)
 Metaspace       used 45134K, capacity 46908K, committed 47104K, reserved 1089536K
  class space    used 5552K, capacity 6298K, committed 6400K, reserved 1048576K
}
Event: 90.900 GC heap after
{Heap after GC invocations=13 (full 0):
 garbage-first heap   total 320512K, used 26999K [0x0000000703a00000, 0x0000000800000000)
  region size 1024K, 11 young (11264K), 11 survivors (11264K)
 Metaspace       used 45134K, capacity 46908K, committed 47104K, reserved 1089536K
  class space    used 5552K, capacity 6298K, committed 6400K, reserved 1048576K
}
Event: 112.934 GC heap before
{Heap before GC invocations=13 (full 0):
 garbage-first heap   total 320512K, used 207223K [0x0000000703a00000, 0x0000000800000000)
  region size 1024K, 187 young (191488K), 11 survivors (11264K)
 Metaspace       used 45134K, capacity 46908K, committed 47104K, reserved 1089536K
  class space    used 5552K, capacity 6298K, committed 6400K, reserved 1048576K
}
Event: 112.966 GC heap after
{Heap after GC invocations=14 (full 0):
 garbage-first heap   total 320512K, used 27023K [0x0000000703a00000, 0x0000000800000000)
  region size 1024K, 11 young (11264K), 11 survivors (11264K)
 Metaspace       used 45134K, capacity 46908K, committed 47104K, reserved 1089536K
  class space    used 5552K, capacity 6298K, committed 6400K, reserved 1048576K
}
Event: 143.236 GC heap before
{Heap before GC invocations=14 (full 0):
 garbage-first heap   total 320512K, used 207247K [0x0000000703a00000, 0x0000000800000000)
  region size 1024K, 187 young (191488K), 11 survivors (11264K)
 Metaspace       used 45134K, capacity 46908K, committed 47104K, reserved 1089536K
  class space    used 5552K, capacity 6298K, committed 6400K, reserved 1048576K
}
Event: 143.262 GC heap after
{Heap after GC invocations=15 (full 0):
 garbage-first heap   total 320512K, used 27182K [0x0000000703a00000, 0x0000000800000000)
  region size 1024K, 11 young (11264K), 11 survivors (11264K)
 Metaspace       used 45134K, capacity 46908K, committed 47104K, reserved 1089536K
  class space    used 5552K, capacity 6298K, committed 6400K, reserved 1048576K
}

