# JRE version: OpenJDK Runtime Environment Temurin-11.0.15+10 (11.0.15+10) (build 11.0.15+10)
# Java VM: OpenJDK 64-Bit Server VM Temurin-11.0.15+10 (11.0.15+10, mixed mode, tiered, compressed oops, g1 gc, windows-amd64)
Heap:
 garbage-first heap   total 312320K, used 37840K [0x0000000703a00000, 0x0000000800000000)
  region size 1024K, 10 young (10240K), 1 survivors (1024K)
 Metaspace       used 54257K, capacity 56301K, committed 56576K, reserved 1097728K
  class space    used 6535K, capacity 7394K, committed 7424K, reserved 1048576K
GC Heap History (20 events):
Event: 431.406 GC heap before
{Heap before GC invocations=32 (full 0):
 garbage-first heap   total 312320K, used 213952K [0x0000000703a00000, 0x0000000800000000)
  region size 1024K, 183 young (187392K), 3 survivors (3072K)
 Metaspace       used 54216K, capacity 56236K, committed 56320K, reserved 1097728K
  class space    used 6535K, capacity 7394K, committed 7424K, reserved 1048576K
}
Event: 431.408 GC heap after
{Heap after GC invocations=33 (full 0):
 garbage-first heap   total 312320K, used 29658K [0x0000000703a00000, 0x0000000800000000)
  region size 1024K, 2 young (2048K), 2 survivors (2048K)
 Metaspace       used 54216K, capacity 56236K, committed 56320K, reserved 1097728K
  class space    used 6535K, capacity 7394K, committed 7424K, reserved 1048576K
}
Event: 445.704 GC heap before
{Heap before GC invocations=33 (full 0):
 garbage-first heap   total 312320K, used 215002K [0x0000000703a00000, 0x0000000800000000)
  region size 1024K, 183 young (187392K), 2 survivors (2048K)
 Metaspace       used 54217K, capacity 56236K, committed 56320K, reserved 1097728K
  class space    used 6535K, capacity 7394K, committed 7424K, reserved 1048576K
}
Event: 445.706 GC heap after
{Heap after GC invocations=34 (full 0):
 garbage-first heap   total 312320K, used 29670K [0x0000000703a00000, 0x0000000800000000)
  region size 1024K, 1 young (1024K), 1 survivors (1024K)
 Metaspace       used 54217K, capacity 56236K, committed 56320K, reserved 1097728K
  class space    used 6535K, capacity 7394K, committed 7424K, reserved 1048576K
}
Event: 460.348 GC heap before
{Heap before GC invocations=34 (full 0):
 garbage-first heap   total 312320K, used 216038K [0x0000000703a00000, 0x0000000800000000)
  region size 1024K, 183 young (187392K), 1 survivors (1024K)
 Metaspace       used 54219K, capacity 56236K, committed 56320K, reserved 1097728K
  class space    used 6535K, capacity 7394K, committed 7424K, reserved 1048576K
}
Event: 460.349 GC heap after
{Heap after GC invocations=35 (full 0):
 garbage-first heap   total 312320K, used 29676K [0x0000000703a00000, 0x0000000800000000)
  region size 1024K, 1 young (1024K), 1 survivors (1024K)
 Metaspace       used 54219K, capacity 56236K, committed 56320K, reserved 1097728K
  class space    used 6535K, capacity 7394K, committed 7424K, reserved 1048576K
}
Event: 475.151 GC heap before
{Heap before GC invocations=35 (full 0):
 garbage-first heap   total 312320K, used 216044K [0x0000000703a00000, 0x0000000800000000)
  region size 1024K, 183 young (187392K), 1 survivors (1024K)
 Metaspace       used 54220K, capacity 56236K, committed 56320K, reserved 1097728K
  class space    used 6535K, capacity 7394K, committed 7424K, reserved 1048576K
}
Event: 475.152 GC heap after
{Heap after GC invocations=36 (full 0):
 garbage-first heap   total 312320K, used 29619K [0x0000000703a00000, 0x0000000800000000)
  region size 1024K, 1 young (1024K), 1 survivors (1024K)
 Metaspace       used 54220K, capacity 56236K, committed 56320K, reserved 1097728K
  class space    used 6535K, capacity 7394K, committed 7424K, reserved 1048576K
}
Event: 489.418 GC heap before
{Heap before GC invocations=36 (full 0):
 garbage-first heap   total 312320K, used 214963K [0x0000000703a00000, 0x0000000800000000)
  region size 1024K, 183 young (187392K), 1 survivors (1024K)
 Metaspace       used 54246K, capacity 56237K, committed 56320K, reserved 1097728K
  class space    used 6535K, capacity 7394K, committed 7424K, reserved 1048576K
}
Event: 489.419 GC heap after
{Heap after GC invocations=37 (full 0):
 garbage-first heap   total 312320K, used 29633K [0x0000000703a00000, 0x0000000800000000)
  region size 1024K, 1 young (1024K), 1 survivors (1024K)
 Metaspace       used 54246K, capacity 56237K, committed 56320K, reserved 1097728K
  class space    used 6535K, capacity 7394K, committed 7424K, reserved 1048576K
}
Event: 501.540 GC heap before
{Heap before GC invocations=37 (full 0):
 garbage-first heap   total 312320K, used 216001K [0x0000000703a00000, 0x0000000800000000)
  region size 1024K, 183 young (187392K), 1 survivors (1024K)
 Metaspace       used 54246K, capacity 56237K, committed 56320K, reserved 1097728K
  class space    used 6535K, capacity 7394K, committed 7424K, reserved 1048576K
}
Event: 501.541 GC heap after
{Heap after GC invocations=38 (full 0):
 garbage-first heap   total 312320K, used 29632K [0x0000000703a00000, 0x0000000800000000)
  region size 1024K, 1 young (1024K), 1 survivors (1024K)
 Metaspace       used 54246K, capacity 56237K, committed 56320K, reserved 1097728K
  class space    used 6535K, capacity 7394K, committed 7424K, reserved 1048576K
}
Event: 514.030 GC heap before
{Heap before GC invocations=38 (full 0):
 garbage-first heap   total 312320K, used 216000K [0x0000000703a00000, 0x0000000800000000)
  region size 1024K, 183 young (187392K), 1 survivors (1024K)
 Metaspace       used 54246K, capacity 56237K, committed 56320K, reserved 1097728K
  class space    used 6535K, capacity 7394K, committed 7424K, reserved 1048576K
}
Event: 514.030 GC heap after
{Heap after GC invocations=39 (full 0):
 garbage-first heap   total 312320K, used 29631K [0x0000000703a00000, 0x0000000800000000)
  region size 1024K, 1 young (1024K), 1 survivors (1024K)
 Metaspace       used 54246K, capacity 56237K, committed 56320K, reserved 1097728K
  class space    used 6535K, capacity 7394K, committed 7424K, reserved 1048576K
}
Event: 526.124 GC heap before
{Heap before GC invocations=39 (full 0):
 garbage-first heap   total 312320K, used 215999K [0x0000000703a00000, 0x0000000800000000)
  region size 1024K, 183 young (187392K), 1 survivors (1024K)
 Metaspace       used 54246K, capacity 56237K, committed 56320K, reserved 1097728K
  class space    used 6535K, capacity 7394K, committed 7424K, reserved 1048576K
}
Event: 526.125 GC heap after
{Heap after GC invocations=40 (full 0):
 garbage-first heap   total 312320K, used 29646K [0x0000000703a00000, 0x0000000800000000)
  region size 1024K, 1 young (1024K), 1 survivors (1024K)
 Metaspace       used 54246K, capacity 56237K, committed 56320K, reserved 1097728K
  class space    used 6535K, capacity 7394K, committed 7424K, reserved 1048576K
}
Event: 538.263 GC heap before
{Heap before GC invocations=40 (full 0):
 garbage-first heap   total 312320K, used 216014K [0x0000000703a00000, 0x0000000800000000)
  region size 1024K, 183 young (187392K), 1 survivors (1024K)
 Metaspace       used 54247K, capacity 56237K, committed 56320K, reserved 1097728K
  class space    used 6535K, capacity 7394K, committed 7424K, reserved 1048576K
}
Event: 538.264 GC heap after
{Heap after GC invocations=41 (full 0):
 garbage-first heap   total 312320K, used 29654K [0x0000000703a00000, 0x0000000800000000)
  region size 1024K, 1 young (1024K), 1 survivors (1024K)
 Metaspace       used 54247K, capacity 56237K, committed 56320K, reserved 1097728K
  class space    used 6535K, capacity 7394K, committed 7424K, reserved 1048576K
}
Event: 550.706 GC heap before
{Heap before GC invocations=41 (full 0):
 garbage-first heap   total 312320K, used 216022K [0x0000000703a00000, 0x0000000800000000)
  region size 1024K, 183 young (187392K), 1 survivors (1024K)
 Metaspace       used 54247K, capacity 56237K, committed 56320K, reserved 1097728K
  class space    used 6535K, capacity 7394K, committed 7424K, reserved 1048576K
}
Event: 550.707 GC heap after
{Heap after GC invocations=42 (full 0):
 garbage-first heap   total 312320K, used 29648K [0x0000000703a00000, 0x0000000800000000)
  region size 1024K, 1 young (1024K), 1 survivors (1024K)
 Metaspace       used 54247K, capacity 56237K, committed 56320K, reserved 1097728K
  class space    used 6535K, capacity 7394K, committed 7424K, reserved 1048576K
}

